2026-02-07T13:46:00.016+0800	INFO	logger/logger.go:97	/community	{"状态码": 200, "方法": "GET", "路径": "/community", "查询参数": "", "客户端IP": "::1", "用户代理": "Apifox/1.0.0 (https://apifox.com)", "错误信息": "", "耗时": 0.000213542}
2026-02-07T13:46:35.503+0800	INFO	logger/logger.go:97	/login	{"状态码": 200, "方法": "GET", "路径": "/login", "查询参数": "", "客户端IP": "::1", "用户代理": "Apifox/1.0.0 (https://apifox.com)", "错误信息": "", "耗时": 0.00002125}
2026-02-07T13:46:44.501+0800	INFO	logger/logger.go:97	/login	{"状态码": 200, "方法": "GET", "路径": "/login", "查询参数": "", "客户端IP": "::1", "用户代理": "Apifox/1.0.0 (https://apifox.com)", "错误信息": "", "耗时": 0.000020084}
2026-02-07T13:46:48.017+0800	INFO	logger/logger.go:97	/login	{"状态码": 200, "方法": "POST", "路径": "/login", "查询参数": "", "客户端IP": "::1", "用户代理": "Apifox/1.0.0 (https://apifox.com)", "错误信息": "", "耗时": 0.000020542}
2026-02-07T13:47:53.957+0800	INFO	logger/logger.go:97	/api/v1/login	{"状态码": 200, "方法": "POST", "路径": "/api/v1/login", "查询参数": "", "客户端IP": "::1", "用户代理": "Apifox/1.0.0 (https://apifox.com)", "错误信息": "", "耗时": 0.008188792}
2026-02-07T13:48:12.811+0800	INFO	logger/logger.go:97	/api/v1/community	{"状态码": 200, "方法": "POST", "路径": "/api/v1/community", "查询参数": "", "客户端IP": "::1", "用户代理": "Apifox/1.0.0 (https://apifox.com)", "错误信息": "", "耗时": 0.000016667}
2026-02-07T13:48:48.283+0800	INFO	logger/logger.go:97	/api/v1/community	{"状态码": 200, "方法": "GET", "路径": "/api/v1/community", "查询参数": "", "客户端IP": "::1", "用户代理": "Apifox/1.0.0 (https://apifox.com)", "错误信息": "", "耗时": 0.008739292}
2026-02-07T13:51:47.890+0800	INFO	logger/logger.go:97	/api/v1/community	{"状态码": 200, "方法": "GET", "路径": "/api/v1/community", "查询参数": "", "客户端IP": "::1", "用户代理": "Apifox/1.0.0 (https://apifox.com)", "错误信息": "", "耗时": 0.011568625}
2026-02-07T14:02:18.687+0800	INFO	logger/logger.go:97	/api/v1/login	{"状态码": 200, "方法": "GET", "路径": "/api/v1/login", "查询参数": "", "客户端IP": "::1", "用户代理": "Apifox/1.0.0 (https://apifox.com)", "错误信息": "", "耗时": 0.001612666}
2026-02-07T14:02:30.312+0800	INFO	logger/logger.go:97	/api/v1/login	{"状态码": 200, "方法": "GET", "路径": "/api/v1/login", "查询参数": "", "客户端IP": "::1", "用户代理": "Apifox/1.0.0 (https://apifox.com)", "错误信息": "", "耗时": 0.000025708}
2026-02-07T14:02:58.119+0800	INFO	logger/logger.go:97	/api/v1/login	{"状态码": 200, "方法": "POST", "路径": "/api/v1/login", "查询参数": "", "客户端IP": "::1", "用户代理": "Apifox/1.0.0 (https://apifox.com)", "错误信息": "", "耗时": 0.019344292}
2026-02-07T14:03:14.742+0800	INFO	logger/logger.go:97	/api/v1/community	{"状态码": 200, "方法": "GET", "路径": "/api/v1/community", "查询参数": "", "客户端IP": "::1", "用户代理": "Apifox/1.0.0 (https://apifox.com)", "错误信息": "", "耗时": 0.0001235}
2026-02-07T14:03:17.943+0800	INFO	logger/logger.go:97	/api/v1/community	{"状态码": 200, "方法": "GET", "路径": "/api/v1/community", "查询参数": "", "客户端IP": "::1", "用户代理": "Apifox/1.0.0 (https://apifox.com)", "错误信息": "", "耗时": 0.000096833}
2026-02-07T14:03:18.602+0800	INFO	logger/logger.go:97	/api/v1/community	{"状态码": 200, "方法": "GET", "路径": "/api/v1/community", "查询参数": "", "客户端IP": "::1", "用户代理": "Apifox/1.0.0 (https://apifox.com)", "错误信息": "", "耗时": 0.00004}
2026-02-07T14:03:19.271+0800	INFO	logger/logger.go:97	/api/v1/community	{"状态码": 200, "方法": "GET", "路径": "/api/v1/community", "查询参数": "", "客户端IP": "::1", "用户代理": "Apifox/1.0.0 (https://apifox.com)", "错误信息": "", "耗时": 0.000075375}
2026-02-07T14:03:32.935+0800	INFO	logger/logger.go:97	/api/v1/login	{"状态码": 200, "方法": "POST", "路径": "/api/v1/login", "查询参数": "", "客户端IP": "::1", "用户代理": "Apifox/1.0.0 (https://apifox.com)", "错误信息": "", "耗时": 0.00651125}
2026-02-07T14:03:46.905+0800	INFO	logger/logger.go:97	/api/v1/community	{"状态码": 200, "方法": "GET", "路径": "/api/v1/community", "查询参数": "", "客户端IP": "::1", "用户代理": "Apifox/1.0.0 (https://apifox.com)", "错误信息": "", "耗时": 0.000076292}
2026-02-07T14:04:54.013+0800	INFO	logger/logger.go:97	/api/v1/community	{"状态码": 200, "方法": "GET", "路径": "/api/v1/community", "查询参数": "", "客户端IP": "::1", "用户代理": "Apifox/1.0.0 (https://apifox.com)", "错误信息": "", "耗时": 0.000109458}
2026-02-07T14:07:12.336+0800	INFO	logger/logger.go:97	/api/v1/community	{"状态码": 200, "方法": "GET", "路径": "/api/v1/community", "查询参数": "", "客户端IP": "::1", "用户代理": "Apifox/1.0.0 (https://apifox.com)", "错误信息": "", "耗时": 0.000378292}
2026-02-07T14:09:07.785+0800	INFO	logger/logger.go:97	/api/v1/login	{"状态码": 200, "方法": "POST", "路径": "/api/v1/login", "查询参数": "", "客户端IP": "::1", "用户代理": "Apifox/1.0.0 (https://apifox.com)", "错误信息": "", "耗时": 0.009085417}
2026-02-07T14:09:22.176+0800	INFO	logger/logger.go:97	/api/v1/community	{"状态码": 200, "方法": "GET", "路径": "/api/v1/community", "查询参数": "", "客户端IP": "::1", "用户代理": "Apifox/1.0.0 (https://apifox.com)", "错误信息": "", "耗时": 0.000140834}
2026-02-07T14:10:48.801+0800	INFO	logger/logger.go:97	/api/v1/login	{"状态码": 200, "方法": "POST", "路径": "/api/v1/login", "查询参数": "", "客户端IP": "::1", "用户代理": "Apifox/1.0.0 (https://apifox.com)", "错误信息": "", "耗时": 0.007595125}
2026-02-07T14:11:01.623+0800	INFO	logger/logger.go:97	/api/v1/community	{"状态码": 200, "方法": "GET", "路径": "/api/v1/community", "查询参数": "", "客户端IP": "::1", "用户代理": "Apifox/1.0.0 (https://apifox.com)", "错误信息": "", "耗时": 0.000103542}
2026-02-07T14:12:38.465+0800	INFO	logger/logger.go:97	/api/v1/login	{"状态码": 200, "方法": "POST", "路径": "/api/v1/login", "查询参数": "", "客户端IP": "::1", "用户代理": "Apifox/1.0.0 (https://apifox.com)", "错误信息": "", "耗时": 0.003830042}
2026-02-07T14:12:54.120+0800	INFO	logger/logger.go:97	/api/v1/community	{"状态码": 200, "方法": "GET", "路径": "/api/v1/community", "查询参数": "", "客户端IP": "::1", "用户代理": "Apifox/1.0.0 (https://apifox.com)", "错误信息": "", "耗时": 0.006923667}
2026-02-07T14:29:37.254+0800	INFO	logger/logger.go:97	/api/v1/community/1	{"状态码": 200, "方法": "GET", "路径": "/api/v1/community/1", "查询参数": "", "客户端IP": "::1", "用户代理": "Apifox/1.0.0 (https://apifox.com)", "错误信息": "", "耗时": 0.006575708}
2026-02-07T14:31:10.595+0800	INFO	logger/logger.go:97	/api/v1/community/3	{"状态码": 200, "方法": "GET", "路径": "/api/v1/community/3", "查询参数": "", "客户端IP": "::1", "用户代理": "Apifox/1.0.0 (https://apifox.com)", "错误信息": "", "耗时": 0.00621375}
2026-02-07T14:32:27.360+0800	ERROR	controller/community.go:35	strconv.ParseInt() failed, err: %v	{"error": "strconv.ParseInt: parsing \"3q\": invalid syntax"}
2026-02-07T14:32:27.361+0800	INFO	logger/logger.go:97	/api/v1/community/3q	{"状态码": 200, "方法": "GET", "路径": "/api/v1/community/3q", "查询参数": "", "客户端IP": "::1", "用户代理": "Apifox/1.0.0 (https://apifox.com)", "错误信息": "", "耗时": 0.000476292}
2026-02-07T14:32:31.123+0800	INFO	logger/logger.go:97	/api/v1/community/5	{"状态码": 200, "方法": "GET", "路径": "/api/v1/community/5", "查询参数": "", "客户端IP": "::1", "用户代理": "Apifox/1.0.0 (https://apifox.com)", "错误信息": "", "耗时": 0.007641084}
2026-02-07T14:38:15.845+0800	ERROR	controller/community.go:42	logic.GetCommunityDetail() failed, err: %v	{"error": "无效的ID"}
2026-02-07T14:38:15.846+0800	INFO	logger/logger.go:97	/api/v1/community/5	{"状态码": 200, "方法": "GET", "路径": "/api/v1/community/5", "查询参数": "", "客户端IP": "::1", "用户代理": "Apifox/1.0.0 (https://apifox.com)", "错误信息": "", "耗时": 0.010868}
2026-02-07T16:00:31.580+0800	INFO	logger/logger.go:97	/api/v1/post	{"状态码": 200, "方法": "POST", "路径": "/api/v1/post", "查询参数": "", "客户端IP": "::1", "用户代理": "Apifox/1.0.0 (https://apifox.com)", "错误信息": "", "耗时": 0.0286515}
2026-02-07T16:20:31.719+0800	INFO	logger/logger.go:97	/api/v1/post/1	{"状态码": 200, "方法": "GET", "路径": "/api/v1/post/1", "查询参数": "", "客户端IP": "::1", "用户代理": "Apifox/1.0.0 (https://apifox.com)", "错误信息": "", "耗时": 0.010106917}
2026-02-07T16:20:39.143+0800	INFO	logger/logger.go:97	/api/v1/post/2	{"状态码": 200, "方法": "GET", "路径": "/api/v1/post/2", "查询参数": "", "客户端IP": "::1", "用户代理": "Apifox/1.0.0 (https://apifox.com)", "错误信息": "", "耗时": 0.007953375}
2026-02-07T16:21:57.586+0800	INFO	logger/logger.go:97	/api/v1/post/	{"状态码": 200, "方法": "GET", "路径": "/api/v1/post/", "查询参数": "", "客户端IP": "::1", "用户代理": "Apifox/1.0.0 (https://apifox.com)", "错误信息": "", "耗时": 0.000083791}
2026-02-07T16:22:03.560+0800	ERROR	controller/post.go:65	logic.GetPostById() failed, err: %v	{"error": "无效的ID"}
2026-02-07T16:22:03.560+0800	INFO	logger/logger.go:97	/api/v1/post/1	{"状态码": 200, "方法": "GET", "路径": "/api/v1/post/1", "查询参数": "", "客户端IP": "::1", "用户代理": "Apifox/1.0.0 (https://apifox.com)", "错误信息": "", "耗时": 0.006460125}
2026-02-07T16:22:45.266+0800	INFO	logger/logger.go:97	/api/v1/post/193326460436481	{"状态码": 200, "方法": "GET", "路径": "/api/v1/post/193326460436481", "查询参数": "", "客户端IP": "::1", "用户代理": "Apifox/1.0.0 (https://apifox.com)", "错误信息": "", "耗时": 0.005324625}
2026-02-07T16:26:02.314+0800	INFO	logger/logger.go:97	/api/v1/post/193326460436481	{"状态码": 200, "方法": "GET", "路径": "/api/v1/post/193326460436481", "查询参数": "", "客户端IP": "::1", "用户代理": "Apifox/1.0.0 (https://apifox.com)", "错误信息": "", "耗时": 0.004117083}
2026-02-07T16:27:14.825+0800	INFO	logger/logger.go:97	/api/v1/post	{"状态码": 200, "方法": "GET", "路径": "/api/v1/post", "查询参数": "", "客户端IP": "::1", "用户代理": "Apifox/1.0.0 (https://apifox.com)", "错误信息": "", "耗时": 0.000036041}
2026-02-07T16:27:44.539+0800	INFO	logger/logger.go:97	/api/v1/post	{"状态码": 200, "方法": "GET", "路径": "/api/v1/post", "查询参数": "", "客户端IP": "::1", "用户代理": "Apifox/1.0.0 (https://apifox.com)", "错误信息": "", "耗时": 0.000017792}
2026-02-07T16:29:10.631+0800	INFO	logger/logger.go:97	/api/v1/post	{"状态码": 200, "方法": "GET", "路径": "/api/v1/post", "查询参数": "", "客户端IP": "::1", "用户代理": "Apifox/1.0.0 (https://apifox.com)", "错误信息": "", "耗时": 0.000017}
2026-02-07T16:30:19.700+0800	INFO	logger/logger.go:97	/api/v1/post	{"状态码": 200, "方法": "POST", "路径": "/api/v1/post", "查询参数": "", "客户端IP": "::1", "用户代理": "Apifox/1.0.0 (https://apifox.com)", "错误信息": "", "耗时": 0.000155875}
2026-02-07T16:31:24.815+0800	INFO	logger/logger.go:97	/api/v1/post	{"状态码": 200, "方法": "POST", "路径": "/api/v1/post", "查询参数": "", "客户端IP": "::1", "用户代理": "Apifox/1.0.0 (https://apifox.com)", "错误信息": "", "耗时": 0.000213292}
2026-02-07T16:32:57.121+0800	INFO	logger/logger.go:97	/api/v1/post	{"状态码": 200, "方法": "POST", "路径": "/api/v1/post", "查询参数": "", "客户端IP": "::1", "用户代理": "Apifox/1.0.0 (https://apifox.com)", "错误信息": "", "耗时": 0.011453333}
2026-02-07T16:33:22.888+0800	INFO	logger/logger.go:97	/api/v1/post/196590568472577	{"状态码": 200, "方法": "GET", "路径": "/api/v1/post/196590568472577", "查询参数": "", "客户端IP": "::1", "用户代理": "Apifox/1.0.0 (https://apifox.com)", "错误信息": "", "耗时": 0.006107208}
2026-02-07T16:49:06.260+0800	INFO	logger/logger.go:97	/api/v1/post/196590568472577	{"状态码": 200, "方法": "GET", "路径": "/api/v1/post/196590568472577", "查询参数": "", "客户端IP": "::1", "用户代理": "Apifox/1.0.0 (https://apifox.com)", "错误信息": "", "耗时": 0.010366125}
2026-02-07T16:50:01.332+0800	INFO	logger/logger.go:97	/api/v1/post/196590568472577	{"状态码": 200, "方法": "GET", "路径": "/api/v1/post/196590568472577", "查询参数": "", "客户端IP": "::1", "用户代理": "Apifox/1.0.0 (https://apifox.com)", "错误信息": "", "耗时": 0.0213085}
2026-02-07T17:18:28.516+0800	ERROR	logic/post.go:67	mysql.GetCommunityDetailByID() failed, err: %v	{"community_id": 0, "error": "无效的ID"}
2026-02-07T17:18:28.540+0800	INFO	logger/logger.go:97	/api/v1/posts/	{"状态码": 200, "方法": "GET", "路径": "/api/v1/posts/", "查询参数": "", "客户端IP": "::1", "用户代理": "Apifox/1.0.0 (https://apifox.com)", "错误信息": "", "耗时": 0.047796917}
2026-02-07T17:19:09.414+0800	INFO	logger/logger.go:97	/api/v1/post	{"状态码": 200, "方法": "POST", "路径": "/api/v1/post", "查询参数": "", "客户端IP": "::1", "用户代理": "Apifox/1.0.0 (https://apifox.com)", "错误信息": "", "耗时": 0.005739291}
2026-02-07T17:19:25.803+0800	INFO	logger/logger.go:97	/api/v1/post	{"状态码": 200, "方法": "POST", "路径": "/api/v1/post", "查询参数": "", "客户端IP": "::1", "用户代理": "Apifox/1.0.0 (https://apifox.com)", "错误信息": "", "耗时": 0.014272458}
2026-02-07T17:19:31.510+0800	ERROR	logic/post.go:67	mysql.GetCommunityDetailByID() failed, err: %v	{"community_id": 0, "error": "无效的ID"}
2026-02-07T17:19:31.515+0800	INFO	logger/logger.go:97	/api/v1/posts/	{"状态码": 200, "方法": "GET", "路径": "/api/v1/posts/", "查询参数": "", "客户端IP": "::1", "用户代理": "Apifox/1.0.0 (https://apifox.com)", "错误信息": "", "耗时": 0.026547}
2026-02-07T17:21:27.469+0800	ERROR	logic/post.go:67	mysql.GetCommunityDetailByID() failed, err: %v	{"community_id": 11, "error": "无效的ID"}
2026-02-07T17:21:27.486+0800	INFO	logger/logger.go:97	/api/v1/posts/	{"状态码": 200, "方法": "GET", "路径": "/api/v1/posts/", "查询参数": "", "客户端IP": "::1", "用户代理": "Apifox/1.0.0 (https://apifox.com)", "错误信息": "", "耗时": 0.041798166}
2026-02-07T17:22:07.537+0800	ERROR	logic/post.go:67	mysql.GetCommunityDetailByID() failed, err: %v	{"community_id": 11, "error": "无效的ID"}
2026-02-07T17:22:07.547+0800	INFO	logger/logger.go:97	/api/v1/posts/	{"状态码": 200, "方法": "GET", "路径": "/api/v1/posts/", "查询参数": "", "客户端IP": "::1", "用户代理": "Apifox/1.0.0 (https://apifox.com)", "错误信息": "", "耗时": 0.027772084}
2026-02-07T17:23:34.848+0800	ERROR	logic/post.go:67	mysql.GetCommunityDetailByID() failed, err: %v	{"community_id": 11, "error": "无效的ID"}
2026-02-07T17:23:34.856+0800	INFO	logger/logger.go:97	/api/v1/posts/	{"状态码": 200, "方法": "GET", "路径": "/api/v1/posts/", "查询参数": "", "客户端IP": "::1", "用户代理": "Apifox/1.0.0 (https://apifox.com)", "错误信息": "", "耗时": 0.029298958}
2026-02-07T17:24:31.030+0800	INFO	logger/logger.go:97	/api/v1/posts/	{"状态码": 200, "方法": "GET", "路径": "/api/v1/posts/", "查询参数": "", "客户端IP": "::1", "用户代理": "Apifox/1.0.0 (https://apifox.com)", "错误信息": "", "耗时": 0.022639167}
2026-02-07T17:45:18.662+0800	INFO	logger/logger.go:97	/api/v1/posts/	{"状态码": 200, "方法": "GET", "路径": "/api/v1/posts/", "查询参数": "size=1", "客户端IP": "::1", "用户代理": "Apifox/1.0.0 (https://apifox.com)", "错误信息": "", "耗时": 0.020018042}
2026-02-07T17:45:30.117+0800	INFO	logger/logger.go:97	/api/v1/posts/	{"状态码": 200, "方法": "GET", "路径": "/api/v1/posts/", "查询参数": "size=9", "客户端IP": "::1", "用户代理": "Apifox/1.0.0 (https://apifox.com)", "错误信息": "", "耗时": 0.036917417}
2026-02-07T17:45:47.674+0800	INFO	logger/logger.go:97	/api/v1/posts/	{"状态码": 200, "方法": "GET", "路径": "/api/v1/posts/", "查询参数": "size=2&page=2", "客户端IP": "::1", "用户代理": "Apifox/1.0.0 (https://apifox.com)", "错误信息": "", "耗时": 0.027433541}
2026-02-07T19:17:36.295+0800	INFO	logger/logger.go:97	/api/v1/login	{"状态码": 200, "方法": "POST", "路径": "/api/v1/login", "查询参数": "", "客户端IP": "::1", "用户代理": "Apifox/1.0.0 (https://apifox.com)", "错误信息": "", "耗时": 0.012474291}
2026-02-07T19:21:03.061+0800	INFO	logger/logger.go:97	/api/v1/login	{"状态码": 200, "方法": "POST", "路径": "/api/v1/login", "查询参数": "", "客户端IP": "::1", "用户代理": "Apifox/1.0.0 (https://apifox.com)", "错误信息": "", "耗时": 0.009796083}
2026-02-07T19:21:04.978+0800	INFO	logger/logger.go:97	/api/v1/login	{"状态码": 200, "方法": "POST", "路径": "/api/v1/login", "查询参数": "", "客户端IP": "::1", "用户代理": "Apifox/1.0.0 (https://apifox.com)", "错误信息": "", "耗时": 0.007740125}
2026-02-07T19:21:05.794+0800	INFO	logger/logger.go:97	/api/v1/login	{"状态码": 200, "方法": "POST", "路径": "/api/v1/login", "查询参数": "", "客户端IP": "::1", "用户代理": "Apifox/1.0.0 (https://apifox.com)", "错误信息": "", "耗时": 0.021429}
2026-02-07T19:21:06.496+0800	INFO	logger/logger.go:97	/api/v1/login	{"状态码": 200, "方法": "POST", "路径": "/api/v1/login", "查询参数": "", "客户端IP": "::1", "用户代理": "Apifox/1.0.0 (https://apifox.com)", "错误信息": "", "耗时": 0.007441792}
2026-02-07T19:21:07.071+0800	INFO	logger/logger.go:97	/api/v1/login	{"状态码": 200, "方法": "POST", "路径": "/api/v1/login", "查询参数": "", "客户端IP": "::1", "用户代理": "Apifox/1.0.0 (https://apifox.com)", "错误信息": "", "耗时": 0.005920708}
2026-02-07T19:22:11.826+0800	INFO	logger/logger.go:97	/api/v1/login	{"状态码": 200, "方法": "POST", "路径": "/api/v1/login", "查询参数": "", "客户端IP": "::1", "用户代理": "Apifox/1.0.0 (https://apifox.com)", "错误信息": "", "耗时": 0.005748334}
2026-02-07T19:25:15.875+0800	INFO	logger/logger.go:97	/api/v1/login	{"状态码": 200, "方法": "POST", "路径": "/api/v1/login", "查询参数": "", "客户端IP": "::1", "用户代理": "Apifox/1.0.0 (https://apifox.com)", "错误信息": "", "耗时": 0.010986916}
2026-02-07T21:19:06.152+0800	ERROR	gin_start/main.go:70	监听启动失败	{"error": "listen tcp :9090: bind: address already in use"}
2026-02-07T21:19:13.004+0800	INFO	logger/logger.go:97	/api/v1/vote	{"状态码": 200, "方法": "POST", "路径": "/api/v1/vote", "查询参数": "", "客户端IP": "::1", "用户代理": "Apifox/1.0.0 (https://apifox.com)", "错误信息": "", "耗时": 0.000822875}
2026-02-07T21:21:15.265+0800	INFO	logger/logger.go:97	/api/v1/vote	{"状态码": 200, "方法": "POST", "路径": "/api/v1/vote", "查询参数": "", "客户端IP": "::1", "用户代理": "Apifox/1.0.0 (https://apifox.com)", "错误信息": "", "耗时": 0.000858125}
2026-02-07T21:21:16.614+0800	INFO	logger/logger.go:97	/api/v1/vote	{"状态码": 200, "方法": "POST", "路径": "/api/v1/vote", "查询参数": "", "客户端IP": "::1", "用户代理": "Apifox/1.0.0 (https://apifox.com)", "错误信息": "", "耗时": 0.000128916}
2026-02-07T21:22:35.472+0800	INFO	logger/logger.go:97	/api/v1/vote	{"状态码": 200, "方法": "POST", "路径": "/api/v1/vote", "查询参数": "", "客户端IP": "::1", "用户代理": "Apifox/1.0.0 (https://apifox.com)", "错误信息": "", "耗时": 0.000173042}
2026-02-07T21:23:15.654+0800	INFO	logger/logger.go:97	/api/v1/vote	{"状态码": 200, "方法": "POST", "路径": "/api/v1/vote", "查询参数": "", "客户端IP": "::1", "用户代理": "Apifox/1.0.0 (https://apifox.com)", "错误信息": "", "耗时": 0.001911542}
2026-02-07T21:25:16.333+0800	INFO	logger/logger.go:97	/api/v1/vote	{"状态码": 200, "方法": "POST", "路径": "/api/v1/vote", "查询参数": "", "客户端IP": "::1", "用户代理": "Apifox/1.0.0 (https://apifox.com)", "错误信息": "", "耗时": 0.000448333}
